<?xml version="1.0" encoding="UTF-8"?>
<!-- Generated by org.testng.reporters.JUnitXMLReporter -->
<testsuite ignored="0" hostname="sharath" failures="1" tests="1" name="Default test" time="40.209" errors="0" timestamp="2025-01-20T18:23:44 IST">
  <testcase classname="todo.TODOAppium" name="test" time="40.142">
    <failure type="org.openqa.selenium.NoSuchElementException" message="An element could not be located on the page using the given search parameters.
For documentation on this error, please visit: https://www.seleniumhq.org/exceptions/no_such_element.html
Build info: version: &amp;apos;3.141.59&amp;apos;, revision: &amp;apos;e82be7d358&amp;apos;, time: &amp;apos;2018-11-14T08:25:53&amp;apos;
System info: host: &amp;apos;sharath&amp;apos;, ip: &amp;apos;192.168.110.147&amp;apos;, os.name: &amp;apos;Linux&amp;apos;, os.arch: &amp;apos;amd64&amp;apos;, os.version: &amp;apos;4.15.0-213-generic&amp;apos;, java.version: &amp;apos;11.0.19&amp;apos;
Driver info: io.appium.java_client.android.AndroidDriver
Capabilities {Platformname: Android, Platformversion: 12, appactivity: com.tvisha.kanbantodo.MainA..., apppackage: com.tvisha.kanbantodo, automationName: UiAutomator2, databaseEnabled: false, desired: {Platformname: Android, Platformversion: 12, appactivity: com.tvisha.kanbantodo.MainA..., apppackage: com.tvisha.kanbantodo, automationName: UiAutomator2, deviceId: ZD2226LYBB, devicename: moto, fullReset: false, noReset: true, platformName: android, shouldTerminateApp: true}, deviceApiLevel: 31, deviceId: ZD2226LYBB, deviceManufacturer: motorola, deviceModel: moto e32(s), deviceName: ZD2226LYBB, deviceScreenDensity: 280, deviceScreenSize: 720x1600, deviceUDID: ZD2226LYBB, devicename: moto, fullReset: false, javascriptEnabled: true, locationContextEnabled: false, networkConnectionEnabled: true, noReset: true, pixelRatio: 1.75, platform: LINUX, platformName: Android, platformVersion: 12, shouldTerminateApp: true, statBarHeight: 76, takesScreenshot: true, viewportRect: {height: 1524, left: 0, top: 76, width: 720}, warnings: {}, webStorageEnabled: false}
Session ID: e91ac3f9-2b33-460a-84ca-2e3996b44952
*** Element info: {Using=xpath, value=//android.widget.TextView[@content-desc=&amp;quot;TODO&amp;quot;]}">
      <![CDATA[org.openqa.selenium.NoSuchElementException: An element could not be located on the page using the given search parameters.
For documentation on this error, please visit: https://www.seleniumhq.org/exceptions/no_such_element.html
Build info: version: '3.141.59', revision: 'e82be7d358', time: '2018-11-14T08:25:53'
System info: host: 'sharath', ip: '192.168.110.147', os.name: 'Linux', os.arch: 'amd64', os.version: '4.15.0-213-generic', java.version: '11.0.19'
Driver info: io.appium.java_client.android.AndroidDriver
Capabilities {Platformname: Android, Platformversion: 12, appactivity: com.tvisha.kanbantodo.MainA..., apppackage: com.tvisha.kanbantodo, automationName: UiAutomator2, databaseEnabled: false, desired: {Platformname: Android, Platformversion: 12, appactivity: com.tvisha.kanbantodo.MainA..., apppackage: com.tvisha.kanbantodo, automationName: UiAutomator2, deviceId: ZD2226LYBB, devicename: moto, fullReset: false, noReset: true, platformName: android, shouldTerminateApp: true}, deviceApiLevel: 31, deviceId: ZD2226LYBB, deviceManufacturer: motorola, deviceModel: moto e32(s), deviceName: ZD2226LYBB, deviceScreenDensity: 280, deviceScreenSize: 720x1600, deviceUDID: ZD2226LYBB, devicename: moto, fullReset: false, javascriptEnabled: true, locationContextEnabled: false, networkConnectionEnabled: true, noReset: true, pixelRatio: 1.75, platform: LINUX, platformName: Android, platformVersion: 12, shouldTerminateApp: true, statBarHeight: 76, takesScreenshot: true, viewportRect: {height: 1524, left: 0, top: 76, width: 720}, warnings: {}, webStorageEnabled: false}
Session ID: e91ac3f9-2b33-460a-84ca-2e3996b44952
*** Element info: {Using=xpath, value=//android.widget.TextView[@content-desc="TODO"]}
at java.base/jdk.internal.reflect.NativeConstructorAccessorImpl.newInstance0(Native Method)
at java.base/jdk.internal.reflect.NativeConstructorAccessorImpl.newInstance(NativeConstructorAccessorImpl.java:62)
at java.base/jdk.internal.reflect.DelegatingConstructorAccessorImpl.newInstance(DelegatingConstructorAccessorImpl.java:45)
at java.base/java.lang.reflect.Constructor.newInstance(Constructor.java:490)
at org.openqa.selenium.remote.http.W3CHttpResponseCodec.createException(W3CHttpResponseCodec.java:187)
at org.openqa.selenium.remote.http.W3CHttpResponseCodec.decode(W3CHttpResponseCodec.java:122)
at org.openqa.selenium.remote.http.W3CHttpResponseCodec.decode(W3CHttpResponseCodec.java:49)
at org.openqa.selenium.remote.HttpCommandExecutor.execute(HttpCommandExecutor.java:158)
at io.appium.java_client.remote.AppiumCommandExecutor.execute(AppiumCommandExecutor.java:247)
at org.openqa.selenium.remote.RemoteWebDriver.execute(RemoteWebDriver.java:552)
at io.appium.java_client.DefaultGenericMobileDriver.execute(DefaultGenericMobileDriver.java:41)
at io.appium.java_client.AppiumDriver.execute(AppiumDriver.java:1)
at io.appium.java_client.android.AndroidDriver.execute(AndroidDriver.java:1)
at org.openqa.selenium.remote.RemoteWebDriver.findElement(RemoteWebDriver.java:323)
at io.appium.java_client.DefaultGenericMobileDriver.findElement(DefaultGenericMobileDriver.java:61)
at io.appium.java_client.AppiumDriver.findElement(AppiumDriver.java:1)
at io.appium.java_client.android.AndroidDriver.findElement(AndroidDriver.java:1)
at org.openqa.selenium.remote.RemoteWebDriver.findElementByXPath(RemoteWebDriver.java:428)
at io.appium.java_client.DefaultGenericMobileDriver.findElementByXPath(DefaultGenericMobileDriver.java:151)
at io.appium.java_client.AppiumDriver.findElementByXPath(AppiumDriver.java:1)
at io.appium.java_client.android.AndroidDriver.findElementByXPath(AndroidDriver.java:1)
at org.openqa.selenium.By$ByXPath.findElement(By.java:353)
at org.openqa.selenium.remote.RemoteWebDriver.findElement(RemoteWebDriver.java:315)
at io.appium.java_client.DefaultGenericMobileDriver.findElement(DefaultGenericMobileDriver.java:57)
at io.appium.java_client.AppiumDriver.findElement(AppiumDriver.java:1)
at io.appium.java_client.android.AndroidDriver.findElement(AndroidDriver.java:1)
at todo.TODOAppium.test(TODOAppium.java:39)
at java.base/jdk.internal.reflect.NativeMethodAccessorImpl.invoke0(Native Method)
at java.base/jdk.internal.reflect.NativeMethodAccessorImpl.invoke(NativeMethodAccessorImpl.java:62)
at java.base/jdk.internal.reflect.DelegatingMethodAccessorImpl.invoke(DelegatingMethodAccessorImpl.java:43)
at java.base/java.lang.reflect.Method.invoke(Method.java:566)
at org.testng.internal.invokers.MethodInvocationHelper.invokeMethod(MethodInvocationHelper.java:141)
at org.testng.internal.invokers.TestInvoker.invokeMethod(TestInvoker.java:686)
at org.testng.internal.invokers.TestInvoker.invokeTestMethod(TestInvoker.java:230)
at org.testng.internal.invokers.MethodRunner.runInSequence(MethodRunner.java:63)
at org.testng.internal.invokers.TestInvoker$MethodInvocationAgent.invoke(TestInvoker.java:992)
at org.testng.internal.invokers.TestInvoker.invokeTestMethods(TestInvoker.java:203)
at org.testng.internal.invokers.TestMethodWorker.invokeTestMethods(TestMethodWorker.java:154)
at org.testng.internal.invokers.TestMethodWorker.run(TestMethodWorker.java:134)
at java.base/java.util.ArrayList.forEach(ArrayList.java:1541)
at org.testng.TestRunner.privateRun(TestRunner.java:739)
at org.testng.TestRunner.run(TestRunner.java:614)
at org.testng.SuiteRunner.runTest(SuiteRunner.java:421)
at org.testng.SuiteRunner.runSequentially(SuiteRunner.java:413)
at org.testng.SuiteRunner.privateRun(SuiteRunner.java:373)
at org.testng.SuiteRunner.run(SuiteRunner.java:312)
at org.testng.SuiteRunnerWorker.runSuite(SuiteRunnerWorker.java:52)
at org.testng.SuiteRunnerWorker.run(SuiteRunnerWorker.java:95)
at org.testng.TestNG.runSuitesSequentially(TestNG.java:1274)
at org.testng.TestNG.runSuitesLocally(TestNG.java:1208)
at org.testng.TestNG.runSuites(TestNG.java:1112)
at org.testng.TestNG.run(TestNG.java:1079)
at org.testng.remote.AbstractRemoteTestNG.run(AbstractRemoteTestNG.java:115)
at org.testng.remote.RemoteTestNG.initAndRun(RemoteTestNG.java:293)
at org.testng.remote.RemoteTestNG.main(RemoteTestNG.java:91)
]]>
    </failure>
  </testcase> <!-- test -->
</testsuite> <!-- Default test -->
